<?xml version="1.0" encoding="UTF-8"?>
<!-- Generated by org.testng.reporters.JUnitReportReporter -->
<testsuite skipped="0" hostname="FIAZ" name="runners.CucumberRunner" tests="1" failures="0" timestamp="02 Feb 2021 21:50:54 GMT" time="213.077" errors="0">
  <testcase name="feature" time="213.077" classname="runners.CucumberRunner"/>
</testsuite> <!-- runners.CucumberRunner -->
